<?xml version="1.0" encoding="UTF-8"?>
<!-- Generated by org.testng.reporters.JUnitReportReporter -->
<testsuite hostname="Nikhil-PC" failures="0" tests="1" name="com.paragonqa.tests.DashBoardTest" time="46.041" errors="0" timestamp="2023-06-17T23:44:41 IST" skipped="0">
  <testcase classname="com.paragonqa.tests.DashBoardTest" name="OAuthValidation" time="46.041"/>
</testsuite> <!-- com.paragonqa.tests.DashBoardTest -->
