<?xml version="1.0" encoding="UTF-8"?>
<!-- Generated by org.testng.reporters.JUnitReportReporter -->
<testsuite hostname="Nikhil-PC" failures="0" tests="1" name="com.paragonqa.tests.LogoutTest" time="24.202" errors="0" timestamp="2023-06-12T10:30:15 IST" skipped="0">
  <testcase classname="com.paragonqa.tests.LogoutTest" name="VerifyTheUserSignOut" time="24.202"/>
</testsuite> <!-- com.paragonqa.tests.LogoutTest -->
